  [1m[35m (0.8ms)[0m  [1m[35mCREATE DATABASE "my_project_name_development" ENCODING = 'unicode'[0m
  ↳ bin/rails:9
  [1m[35m (0.5ms)[0m  [1m[35mCREATE DATABASE "my_project_name_test" ENCODING = 'unicode'[0m
  ↳ bin/rails:9
Started GET "/" for ::1 at 2021-03-30 21:54:01 -0500
Processing by Rails::WelcomeController#index as */*
  Rendering /Users/josephsipiorski/.rbenv/versions/2.5.1/lib/ruby/gems/2.5.0/gems/railties-5.2.5/lib/rails/templates/rails/welcome/index.html.erb
  Rendered /Users/josephsipiorski/.rbenv/versions/2.5.1/lib/ruby/gems/2.5.0/gems/railties-5.2.5/lib/rails/templates/rails/welcome/index.html.erb (2.6ms)
Completed 200 OK in 99ms (Views: 49.5ms | ActiveRecord: 0.0ms)


Started GET "/silly" for ::1 at 2021-03-30 21:59:38 -0500

NoMethodError - undefined method `git' for #<ActionDispatch::Routing::Mapper:0x00007fd43e25cd98>
Did you mean?  get:
  config/routes.rb:4:in `block in <top (required)>'
  config/routes.rb:1:in `<top (required)>'

Started GET "/silly" for ::1 at 2021-03-30 22:00:33 -0500

ActionController::RoutingError - uninitialized constant SillyController:

Started GET "/silly" for ::1 at 2021-03-30 22:03:42 -0500

AbstractController::ActionNotFound - The action 'fun' could not be found for SillyController:

Started GET "/silly" for ::1 at 2021-03-30 22:06:10 -0500

AbstractController::ActionNotFound - The action 'fun' could not be found for SillyController:

